0 verbose cli /opt/homebrew/Cellar/node/23.10.0_1/bin/node /opt/homebrew/bin/npm
1 info using npm@10.9.2
2 info using node@v23.10.0
3 silly config load:file:/opt/homebrew/lib/node_modules/npm/npmrc
4 silly config load:file:/Users/jasonchen/jasonchenblog/.npmrc
5 silly config load:file:/Users/jasonchen/.npmrc
6 silly config load:file:/opt/homebrew/etc/npmrc
7 verbose title npm run dev
8 verbose argv "run" "dev" "--cache" "./.npm-cache"
9 verbose logfile logs-max:10 dir:/Users/jasonchen/jasonchenblog/.npm-cache/_logs/2025-03-30T03_09_15_959Z-
10 verbose logfile /Users/jasonchen/jasonchenblog/.npm-cache/_logs/2025-03-30T03_09_15_959Z-debug-0.log
11 silly logfile done cleaning log files
12 http fetch GET 200 https://registry.npmjs.org/npm 641ms
13 verbose cwd /Users/jasonchen/jasonchenblog
14 verbose os Darwin 23.4.0
15 verbose node v23.10.0
16 verbose npm  v10.9.2
17 notice
17 notice New [31mmajor[39m version of npm available! [31m10.9.2[39m -> [34m11.2.0[39m
17 notice Changelog: [34mhttps://github.com/npm/cli/releases/tag/v11.2.0[39m
17 notice To update run: [4mnpm install -g npm@11.2.0[24m
17 notice  { force: true, [Symbol(proc-log.meta)]: true }
18 verbose exit 0
19 info ok
